2023-12-30 00:00:45 info: 11ms Executed (default): SELECT `id`, `title`, `description`, `picture`, `created_at` AS `createdAt`, `updated_at` AS `updatedAt` FROM `brand` AS `BrandModel`;
2023-12-30 00:00:45 info: [0mGET /brand [32m200[0m 68.045 ms - 348[0m
2023-12-30 00:01:21 error: [POST] /brand >> StatusCode:: 401, Message:: jwt expired
2023-12-30 00:01:21 info: [0mPOST /brand [33m401[0m 36.502 ms - 25[0m
2023-12-30 00:03:19 info: 18ms Executed (default): SELECT `id`, `title`, `description`, `picture`, `created_at` AS `createdAt`, `updated_at` AS `updatedAt` FROM `brand` AS `BrandModel` WHERE `BrandModel`.`title` = 'gucci' LIMIT 1;
2023-12-30 00:03:19 error: [POST] /brand >> StatusCode:: 409, Message:: This brand title 'gucci' already exists
2023-12-30 00:03:19 info: [0mPOST /brand [33m409[0m 61.110 ms - 53[0m
2023-12-30 00:10:33 error: [POST] /brand >> StatusCode:: 401, Message:: jwt expired
2023-12-30 00:10:33 info: [0mPOST /brand [33m401[0m 18.056 ms - 25[0m
2023-12-30 00:10:41 error: [POST] /brand >> StatusCode:: 401, Message:: Invalid credention
2023-12-30 00:10:41 info: [0mPOST /brand [33m401[0m 1.981 ms - 32[0m
2023-12-30 00:10:44 error: [POST] /brand >> StatusCode:: 401, Message:: internal server error
2023-12-30 00:10:44 info: [0mPOST /brand [33m401[0m 19.014 ms - 35[0m
2023-12-30 00:10:49 error: [POST] /brand >> StatusCode:: 401, Message:: internal server error
2023-12-30 00:10:49 info: [0mPOST /brand [33m401[0m 3.671 ms - 35[0m
2023-12-30 00:11:00 error: [POST] /brand >> StatusCode:: 401, Message:: internal server error
2023-12-30 00:11:00 info: [0mPOST /brand [33m401[0m 7.940 ms - 35[0m
2023-12-30 00:11:32 info: ====================================
2023-12-30 00:11:32 info: ========= ENV: development =========
2023-12-30 00:11:32 info: 🚀 App listening on the port 3002
2023-12-30 00:11:32 info: ====================================
2023-12-30 00:11:32 info: 3ms Executed (default): SELECT 1+1 AS result
2023-12-30 00:11:32 info: 3ms Executed (default): SELECT TABLE_NAME FROM INFORMATION_SCHEMA.TABLES WHERE TABLE_TYPE = 'BASE TABLE' AND TABLE_NAME = 'brand' AND TABLE_SCHEMA = 'productdb'
2023-12-30 00:11:32 info: 4ms Executed (default): SHOW INDEX FROM `brand`
2023-12-30 00:11:35 error: [POST] /brand >> StatusCode:: 401, Message:: internal server error
2023-12-30 00:11:35 info: [0mPOST /brand [33m401[0m 35.171 ms - 35[0m
2023-12-30 00:11:38 error: [POST] /brand >> StatusCode:: 401, Message:: jwt expired
2023-12-30 00:11:38 info: [0mPOST /brand [33m401[0m 11.125 ms - 25[0m
2023-12-30 00:11:46 error: [POST] /brand >> StatusCode:: 401, Message:: jwt expired
2023-12-30 00:11:46 info: [0mPOST /brand [33m401[0m 11.397 ms - 25[0m
2023-12-30 00:13:36 error: [POST] /brand >> StatusCode:: 401, Message:: jwt expired
2023-12-30 00:13:36 info: [0mPOST /brand [33m401[0m 20.968 ms - 25[0m
2023-12-30 00:13:44 error: [POST] /brand >> StatusCode:: 401, Message:: Invalid credential
2023-12-30 00:13:44 info: [0mPOST /brand [33m401[0m 2.169 ms - 32[0m
2023-12-30 00:15:20 error: [POST] /brand >> StatusCode:: 401, Message:: jwt expired
2023-12-30 00:15:20 info: [0mPOST /brand [33m401[0m 8.428 ms - 25[0m
2023-12-30 00:30:41 info: ====================================
2023-12-30 00:30:41 info: ========= ENV: development =========
2023-12-30 00:30:41 info: 🚀 App listening on the port 3002
2023-12-30 00:30:41 info: ====================================
2023-12-30 00:30:41 info: 2ms Executed (default): SELECT 1+1 AS result
2023-12-30 00:30:41 info: 3ms Executed (default): SELECT TABLE_NAME FROM INFORMATION_SCHEMA.TABLES WHERE TABLE_TYPE = 'BASE TABLE' AND TABLE_NAME = 'brand' AND TABLE_SCHEMA = 'productdb'
2023-12-30 00:30:41 info: 2ms Executed (default): SHOW INDEX FROM `brand`
2023-12-30 00:31:06 info: ====================================
2023-12-30 00:31:06 info: ========= ENV: development =========
2023-12-30 00:31:06 info: 🚀 App listening on the port 3002
2023-12-30 00:31:06 info: ====================================
2023-12-30 00:31:06 info: 1ms Executed (default): SELECT 1+1 AS result
2023-12-30 00:31:06 info: 2ms Executed (default): SELECT TABLE_NAME FROM INFORMATION_SCHEMA.TABLES WHERE TABLE_TYPE = 'BASE TABLE' AND TABLE_NAME = 'brand' AND TABLE_SCHEMA = 'productdb'
2023-12-30 00:31:06 info: 1ms Executed (default): SHOW INDEX FROM `brand`
2023-12-30 00:31:18 info: 2ms Executed (default): SELECT 1+1 AS result
2023-12-30 00:31:20 info: ====================================
2023-12-30 00:31:20 info: ========= ENV: development =========
2023-12-30 00:31:20 info: 🚀 App listening on the port 3002
2023-12-30 00:31:20 info: ====================================
2023-12-30 00:31:20 info: 2ms Executed (default): SELECT 1+1 AS result
2023-12-30 00:31:20 info: 3ms Executed (default): SELECT TABLE_NAME FROM INFORMATION_SCHEMA.TABLES WHERE TABLE_TYPE = 'BASE TABLE' AND TABLE_NAME = 'brand' AND TABLE_SCHEMA = 'productdb'
2023-12-30 00:31:20 info: 2ms Executed (default): SHOW INDEX FROM `brand`
2023-12-30 00:31:28 info: ====================================
2023-12-30 00:31:28 info: ========= ENV: development =========
2023-12-30 00:31:28 info: 🚀 App listening on the port 3002
2023-12-30 00:31:28 info: ====================================
2023-12-30 00:31:28 info: 2ms Executed (default): SELECT 1+1 AS result
2023-12-30 00:31:28 info: 1ms Executed (default): SELECT TABLE_NAME FROM INFORMATION_SCHEMA.TABLES WHERE TABLE_TYPE = 'BASE TABLE' AND TABLE_NAME = 'brand' AND TABLE_SCHEMA = 'productdb'
2023-12-30 00:31:28 info: 2ms Executed (default): SHOW INDEX FROM `brand`
2023-12-30 00:31:50 info: ====================================
2023-12-30 00:31:50 info: ========= ENV: development =========
2023-12-30 00:31:50 info: 🚀 App listening on the port 3002
2023-12-30 00:31:50 info: ====================================
2023-12-30 00:31:50 info: 1ms Executed (default): SELECT 1+1 AS result
2023-12-30 00:31:50 info: 2ms Executed (default): SELECT TABLE_NAME FROM INFORMATION_SCHEMA.TABLES WHERE TABLE_TYPE = 'BASE TABLE' AND TABLE_NAME = 'brand' AND TABLE_SCHEMA = 'productdb'
2023-12-30 00:31:50 info: 1ms Executed (default): SHOW INDEX FROM `brand`
2023-12-30 00:51:22 info: ====================================
2023-12-30 00:51:22 info: ========= ENV: development =========
2023-12-30 00:51:22 info: 🚀 App listening on the port 3002
2023-12-30 00:51:22 info: ====================================
2023-12-30 00:51:22 info: 1ms Executed (default): SELECT 1+1 AS result
2023-12-30 00:51:22 info: 3ms Executed (default): SELECT TABLE_NAME FROM INFORMATION_SCHEMA.TABLES WHERE TABLE_TYPE = 'BASE TABLE' AND TABLE_NAME = 'brand' AND TABLE_SCHEMA = 'productdb'
2023-12-30 00:51:22 info: 3ms Executed (default): SHOW INDEX FROM `brand`
2023-12-30 00:51:49 info: ====================================
2023-12-30 00:51:49 info: ========= ENV: development =========
2023-12-30 00:51:49 info: 🚀 App listening on the port 3002
2023-12-30 00:51:49 info: ====================================
2023-12-30 00:51:50 info: 2ms Executed (default): SELECT 1+1 AS result
2023-12-30 00:51:50 info: 2ms Executed (default): SELECT TABLE_NAME FROM INFORMATION_SCHEMA.TABLES WHERE TABLE_TYPE = 'BASE TABLE' AND TABLE_NAME = 'brand' AND TABLE_SCHEMA = 'productdb'
2023-12-30 00:51:50 info: 2ms Executed (default): SHOW INDEX FROM `brand`
2023-12-30 00:52:07 error: [POST] /brand >> StatusCode:: 403, Message:: Unthorization error
2023-12-30 00:52:07 info: [0mPOST /brand [33m403[0m 35.706 ms - 33[0m
2023-12-30 00:52:28 info: ====================================
2023-12-30 00:52:28 info: ========= ENV: development =========
2023-12-30 00:52:28 info: 🚀 App listening on the port 3002
2023-12-30 00:52:28 info: ====================================
2023-12-30 00:52:28 info: 2ms Executed (default): SELECT 1+1 AS result
2023-12-30 00:52:28 info: 2ms Executed (default): SELECT TABLE_NAME FROM INFORMATION_SCHEMA.TABLES WHERE TABLE_TYPE = 'BASE TABLE' AND TABLE_NAME = 'brand' AND TABLE_SCHEMA = 'productdb'
2023-12-30 00:52:28 info: 2ms Executed (default): SHOW INDEX FROM `brand`
2023-12-30 00:52:39 info: 2ms Executed (default): SELECT `id`, `title`, `description`, `picture`, `created_at` AS `createdAt`, `updated_at` AS `updatedAt` FROM `brand` AS `BrandModel` WHERE `BrandModel`.`title` = 'gucci' LIMIT 1;
2023-12-30 00:52:39 error: [POST] /brand >> StatusCode:: 409, Message:: This brand title 'gucci' already exists
2023-12-30 00:52:39 info: [0mPOST /brand [33m409[0m 48.716 ms - 53[0m
2023-12-30 00:52:47 info: ====================================
2023-12-30 00:52:47 info: ========= ENV: development =========
2023-12-30 00:52:47 info: 🚀 App listening on the port 3002
2023-12-30 00:52:47 info: ====================================
2023-12-30 00:52:47 info: 2ms Executed (default): SELECT 1+1 AS result
2023-12-30 00:52:47 info: 2ms Executed (default): SELECT TABLE_NAME FROM INFORMATION_SCHEMA.TABLES WHERE TABLE_TYPE = 'BASE TABLE' AND TABLE_NAME = 'brand' AND TABLE_SCHEMA = 'productdb'
2023-12-30 00:52:47 info: 1ms Executed (default): SHOW INDEX FROM `brand`
2023-12-30 00:53:02 info: ====================================
2023-12-30 00:53:02 info: ========= ENV: development =========
2023-12-30 00:53:02 info: 🚀 App listening on the port 3002
2023-12-30 00:53:02 info: ====================================
2023-12-30 00:53:02 info: 3ms Executed (default): SELECT 1+1 AS result
2023-12-30 00:53:02 info: 3ms Executed (default): SELECT TABLE_NAME FROM INFORMATION_SCHEMA.TABLES WHERE TABLE_TYPE = 'BASE TABLE' AND TABLE_NAME = 'brand' AND TABLE_SCHEMA = 'productdb'
2023-12-30 00:53:02 info: 2ms Executed (default): SHOW INDEX FROM `brand`
2023-12-30 00:53:04 info: ====================================
2023-12-30 00:53:04 info: ========= ENV: development =========
2023-12-30 00:53:04 info: 🚀 App listening on the port 3002
2023-12-30 00:53:04 info: ====================================
2023-12-30 00:53:04 info: 2ms Executed (default): SELECT 1+1 AS result
2023-12-30 00:53:04 info: 3ms Executed (default): SELECT TABLE_NAME FROM INFORMATION_SCHEMA.TABLES WHERE TABLE_TYPE = 'BASE TABLE' AND TABLE_NAME = 'brand' AND TABLE_SCHEMA = 'productdb'
2023-12-30 00:53:04 info: 2ms Executed (default): SHOW INDEX FROM `brand`
2023-12-30 00:53:52 error: [PATCH] /brand/1 >> StatusCode:: 401, Message:: Invalid credential
2023-12-30 00:53:52 info: [0mPATCH /brand/1 [33m401[0m 15.362 ms - 32[0m
2023-12-30 00:54:03 info: ====================================
2023-12-30 00:54:03 info: ========= ENV: development =========
2023-12-30 00:54:03 info: 🚀 App listening on the port 3002
2023-12-30 00:54:03 info: ====================================
2023-12-30 00:54:03 info: 3ms Executed (default): SELECT 1+1 AS result
2023-12-30 00:54:03 info: 4ms Executed (default): SELECT TABLE_NAME FROM INFORMATION_SCHEMA.TABLES WHERE TABLE_TYPE = 'BASE TABLE' AND TABLE_NAME = 'brand' AND TABLE_SCHEMA = 'productdb'
2023-12-30 00:54:03 info: 3ms Executed (default): SHOW INDEX FROM `brand`
2023-12-30 00:54:04 info: ====================================
2023-12-30 00:54:04 info: ========= ENV: development =========
2023-12-30 00:54:04 info: 🚀 App listening on the port 3002
2023-12-30 00:54:04 info: ====================================
2023-12-30 00:54:04 info: 2ms Executed (default): SELECT 1+1 AS result
2023-12-30 00:54:04 info: 2ms Executed (default): SELECT TABLE_NAME FROM INFORMATION_SCHEMA.TABLES WHERE TABLE_TYPE = 'BASE TABLE' AND TABLE_NAME = 'brand' AND TABLE_SCHEMA = 'productdb'
2023-12-30 00:54:04 info: 5ms Executed (default): SHOW INDEX FROM `brand`
2023-12-30 00:55:35 info: ====================================
2023-12-30 00:55:35 info: ========= ENV: development =========
2023-12-30 00:55:35 info: 🚀 App listening on the port 3002
2023-12-30 00:55:35 info: ====================================
2023-12-30 00:55:35 info: 2ms Executed (default): SELECT 1+1 AS result
2023-12-30 00:55:35 info: 2ms Executed (default): SELECT TABLE_NAME FROM INFORMATION_SCHEMA.TABLES WHERE TABLE_TYPE = 'BASE TABLE' AND TABLE_NAME = 'brand' AND TABLE_SCHEMA = 'productdb'
2023-12-30 00:55:35 info: 2ms Executed (default): SHOW INDEX FROM `brand`
2023-12-30 00:56:47 info: ====================================
2023-12-30 00:56:47 info: ========= ENV: development =========
2023-12-30 00:56:47 info: 🚀 App listening on the port 3002
2023-12-30 00:56:47 info: ====================================
2023-12-30 00:56:47 info: 3ms Executed (default): SELECT 1+1 AS result
2023-12-30 00:56:47 info: 3ms Executed (default): SELECT TABLE_NAME FROM INFORMATION_SCHEMA.TABLES WHERE TABLE_TYPE = 'BASE TABLE' AND TABLE_NAME = 'brand' AND TABLE_SCHEMA = 'productdb'
2023-12-30 00:56:47 info: 1ms Executed (default): SHOW INDEX FROM `brand`
2023-12-30 00:57:00 info: ====================================
2023-12-30 00:57:00 info: ========= ENV: development =========
2023-12-30 00:57:00 info: 🚀 App listening on the port 3002
2023-12-30 00:57:00 info: ====================================
2023-12-30 00:57:00 info: 1ms Executed (default): SELECT 1+1 AS result
2023-12-30 00:57:00 info: 2ms Executed (default): SELECT TABLE_NAME FROM INFORMATION_SCHEMA.TABLES WHERE TABLE_TYPE = 'BASE TABLE' AND TABLE_NAME = 'brand' AND TABLE_SCHEMA = 'productdb'
2023-12-30 00:57:00 info: 2ms Executed (default): SHOW INDEX FROM `brand`
2023-12-30 00:58:11 info: ====================================
2023-12-30 00:58:11 info: ========= ENV: development =========
2023-12-30 00:58:11 info: 🚀 App listening on the port 3002
2023-12-30 00:58:11 info: ====================================
2023-12-30 00:58:11 info: 3ms Executed (default): SELECT 1+1 AS result
2023-12-30 00:58:11 info: 4ms Executed (default): SELECT TABLE_NAME FROM INFORMATION_SCHEMA.TABLES WHERE TABLE_TYPE = 'BASE TABLE' AND TABLE_NAME = 'brand' AND TABLE_SCHEMA = 'productdb'
2023-12-30 00:58:11 info: 3ms Executed (default): SHOW INDEX FROM `brand`
2023-12-30 00:58:43 info: 4ms Executed (default): SELECT `id`, `title`, `description`, `picture`, `created_at` AS `createdAt`, `updated_at` AS `updatedAt` FROM `brand` AS `BrandModel` WHERE `BrandModel`.`id` = 1;
2023-12-30 00:58:43 info: 2ms Executed (default): SELECT `id`, `title`, `description`, `picture`, `created_at` AS `createdAt`, `updated_at` AS `updatedAt` FROM `brand` AS `BrandModel` WHERE `BrandModel`.`id` = 1;
2023-12-30 00:58:43 info: [0mPATCH /brand/1 [32m200[0m 46.784 ms - 166[0m
2023-12-30 00:59:17 error: [PATCH] /brand/1 >> StatusCode:: 401, Message:: jwt expired
2023-12-30 00:59:17 info: [0mPATCH /brand/1 [33m401[0m 37.959 ms - 25[0m
2023-12-30 00:59:27 info: 11ms Executed (default): SELECT `id`, `title`, `description`, `picture`, `created_at` AS `createdAt`, `updated_at` AS `updatedAt` FROM `brand` AS `BrandModel` WHERE `BrandModel`.`id` = 1;
2023-12-30 00:59:27 info: 3ms Executed (default): SELECT `id`, `title`, `description`, `picture`, `created_at` AS `createdAt`, `updated_at` AS `updatedAt` FROM `brand` AS `BrandModel` WHERE `BrandModel`.`title` = 'nike' LIMIT 1;
2023-12-30 00:59:27 info: 10ms Executed (default): UPDATE `brand` SET `title`=?,`updated_at`=? WHERE `id` = ?; "nike", "2023-12-30 00:59:27.725", 1
2023-12-30 00:59:27 info: 2ms Executed (default): SELECT `id`, `title`, `description`, `picture`, `created_at` AS `createdAt`, `updated_at` AS `updatedAt` FROM `brand` AS `BrandModel` WHERE `BrandModel`.`id` = 1;
2023-12-30 00:59:27 info: [0mPATCH /brand/1 [32m200[0m 68.704 ms - 165[0m
2023-12-30 00:59:32 info: 3ms Executed (default): SELECT `id`, `title`, `description`, `picture`, `created_at` AS `createdAt`, `updated_at` AS `updatedAt` FROM `brand` AS `BrandModel`;
2023-12-30 00:59:32 info: [0mGET /brand [32m200[0m 5.782 ms - 347[0m
2023-12-30 00:59:56 info: 2ms Executed (default): SELECT `id`, `title`, `description`, `picture`, `created_at` AS `createdAt`, `updated_at` AS `updatedAt` FROM `brand` AS `BrandModel` WHERE `BrandModel`.`id` = 2;
2023-12-30 00:59:56 info: 3ms Executed (default): SELECT `id`, `title`, `description`, `picture`, `created_at` AS `createdAt`, `updated_at` AS `updatedAt` FROM `brand` AS `BrandModel` WHERE `BrandModel`.`title` = 'nike' LIMIT 1;
2023-12-30 00:59:56 error: [PATCH] /brand/2 >> StatusCode:: 409, Message:: This brand title nike already exists
2023-12-30 00:59:56 info: [0mPATCH /brand/2 [33m409[0m 26.314 ms - 50[0m
2023-12-30 01:00:08 info: ====================================
2023-12-30 01:00:08 info: ========= ENV: development =========
2023-12-30 01:00:08 info: 🚀 App listening on the port 3002
2023-12-30 01:00:08 info: ====================================
2023-12-30 01:00:09 info: 1ms Executed (default): SELECT 1+1 AS result
2023-12-30 01:00:09 info: 2ms Executed (default): SELECT TABLE_NAME FROM INFORMATION_SCHEMA.TABLES WHERE TABLE_TYPE = 'BASE TABLE' AND TABLE_NAME = 'brand' AND TABLE_SCHEMA = 'productdb'
2023-12-30 01:00:09 info: 2ms Executed (default): SHOW INDEX FROM `brand`
2023-12-30 01:00:09 info: 4ms Executed (default): SELECT `id`, `title`, `description`, `picture`, `created_at` AS `createdAt`, `updated_at` AS `updatedAt` FROM `brand` AS `BrandModel` WHERE `BrandModel`.`id` = 2;
2023-12-30 01:00:09 info: 2ms Executed (default): SELECT `id`, `title`, `description`, `picture`, `created_at` AS `createdAt`, `updated_at` AS `updatedAt` FROM `brand` AS `BrandModel` WHERE `BrandModel`.`title` = 'nike' LIMIT 1;
2023-12-30 01:00:09 error: [PATCH] /brand/2 >> StatusCode:: 409, Message:: This brand title 'nike' already exists
2023-12-30 01:00:09 info: [0mPATCH /brand/2 [33m409[0m 43.728 ms - 52[0m
2023-12-30 01:00:11 info: 3ms Executed (default): SELECT `id`, `title`, `description`, `picture`, `created_at` AS `createdAt`, `updated_at` AS `updatedAt` FROM `brand` AS `BrandModel` WHERE `BrandModel`.`id` = 2;
2023-12-30 01:00:11 info: 4ms Executed (default): SELECT `id`, `title`, `description`, `picture`, `created_at` AS `createdAt`, `updated_at` AS `updatedAt` FROM `brand` AS `BrandModel` WHERE `BrandModel`.`title` = 'nike' LIMIT 1;
2023-12-30 01:00:11 error: [PATCH] /brand/2 >> StatusCode:: 409, Message:: This brand title 'nike' already exists
2023-12-30 01:00:11 info: [0mPATCH /brand/2 [33m409[0m 22.132 ms - 52[0m
2023-12-30 01:00:11 info: 3ms Executed (default): SELECT `id`, `title`, `description`, `picture`, `created_at` AS `createdAt`, `updated_at` AS `updatedAt` FROM `brand` AS `BrandModel` WHERE `BrandModel`.`id` = 2;
2023-12-30 01:00:11 info: 2ms Executed (default): SELECT `id`, `title`, `description`, `picture`, `created_at` AS `createdAt`, `updated_at` AS `updatedAt` FROM `brand` AS `BrandModel` WHERE `BrandModel`.`title` = 'nike' LIMIT 1;
2023-12-30 01:00:11 error: [PATCH] /brand/2 >> StatusCode:: 409, Message:: This brand title 'nike' already exists
2023-12-30 01:00:11 info: [0mPATCH /brand/2 [33m409[0m 15.466 ms - 52[0m
2023-12-30 01:00:12 info: 3ms Executed (default): SELECT `id`, `title`, `description`, `picture`, `created_at` AS `createdAt`, `updated_at` AS `updatedAt` FROM `brand` AS `BrandModel` WHERE `BrandModel`.`id` = 2;
2023-12-30 01:00:12 info: 3ms Executed (default): SELECT `id`, `title`, `description`, `picture`, `created_at` AS `createdAt`, `updated_at` AS `updatedAt` FROM `brand` AS `BrandModel` WHERE `BrandModel`.`title` = 'nike' LIMIT 1;
2023-12-30 01:00:12 error: [PATCH] /brand/2 >> StatusCode:: 409, Message:: This brand title 'nike' already exists
2023-12-30 01:00:12 info: [0mPATCH /brand/2 [33m409[0m 15.983 ms - 52[0m
2023-12-30 01:00:13 info: 3ms Executed (default): SELECT `id`, `title`, `description`, `picture`, `created_at` AS `createdAt`, `updated_at` AS `updatedAt` FROM `brand` AS `BrandModel` WHERE `BrandModel`.`id` = 2;
2023-12-30 01:00:13 info: 2ms Executed (default): SELECT `id`, `title`, `description`, `picture`, `created_at` AS `createdAt`, `updated_at` AS `updatedAt` FROM `brand` AS `BrandModel` WHERE `BrandModel`.`title` = 'nike' LIMIT 1;
2023-12-30 01:00:13 error: [PATCH] /brand/2 >> StatusCode:: 409, Message:: This brand title 'nike' already exists
2023-12-30 01:00:13 info: [0mPATCH /brand/2 [33m409[0m 18.776 ms - 52[0m
2023-12-30 01:00:13 info: 6ms Executed (default): SELECT `id`, `title`, `description`, `picture`, `created_at` AS `createdAt`, `updated_at` AS `updatedAt` FROM `brand` AS `BrandModel` WHERE `BrandModel`.`id` = 2;
2023-12-30 01:00:13 info: 4ms Executed (default): SELECT `id`, `title`, `description`, `picture`, `created_at` AS `createdAt`, `updated_at` AS `updatedAt` FROM `brand` AS `BrandModel` WHERE `BrandModel`.`title` = 'nike' LIMIT 1;
2023-12-30 01:00:13 error: [PATCH] /brand/2 >> StatusCode:: 409, Message:: This brand title 'nike' already exists
2023-12-30 01:00:13 info: [0mPATCH /brand/2 [33m409[0m 24.113 ms - 52[0m
2023-12-30 01:00:14 info: 3ms Executed (default): SELECT `id`, `title`, `description`, `picture`, `created_at` AS `createdAt`, `updated_at` AS `updatedAt` FROM `brand` AS `BrandModel` WHERE `BrandModel`.`id` = 2;
2023-12-30 01:00:14 info: 3ms Executed (default): SELECT `id`, `title`, `description`, `picture`, `created_at` AS `createdAt`, `updated_at` AS `updatedAt` FROM `brand` AS `BrandModel` WHERE `BrandModel`.`title` = 'nike' LIMIT 1;
2023-12-30 01:00:14 error: [PATCH] /brand/2 >> StatusCode:: 409, Message:: This brand title 'nike' already exists
2023-12-30 01:00:14 info: [0mPATCH /brand/2 [33m409[0m 17.139 ms - 52[0m
2023-12-30 01:00:14 info: 2ms Executed (default): SELECT `id`, `title`, `description`, `picture`, `created_at` AS `createdAt`, `updated_at` AS `updatedAt` FROM `brand` AS `BrandModel` WHERE `BrandModel`.`id` = 2;
2023-12-30 01:00:14 info: 3ms Executed (default): SELECT `id`, `title`, `description`, `picture`, `created_at` AS `createdAt`, `updated_at` AS `updatedAt` FROM `brand` AS `BrandModel` WHERE `BrandModel`.`title` = 'nike' LIMIT 1;
2023-12-30 01:00:14 error: [PATCH] /brand/2 >> StatusCode:: 409, Message:: This brand title 'nike' already exists
2023-12-30 01:00:14 info: [0mPATCH /brand/2 [33m409[0m 15.318 ms - 52[0m
2023-12-30 01:00:15 info: 1ms Executed (default): SELECT `id`, `title`, `description`, `picture`, `created_at` AS `createdAt`, `updated_at` AS `updatedAt` FROM `brand` AS `BrandModel` WHERE `BrandModel`.`id` = 2;
2023-12-30 01:00:15 info: 4ms Executed (default): SELECT `id`, `title`, `description`, `picture`, `created_at` AS `createdAt`, `updated_at` AS `updatedAt` FROM `brand` AS `BrandModel` WHERE `BrandModel`.`title` = 'nike' LIMIT 1;
2023-12-30 01:00:15 error: [PATCH] /brand/2 >> StatusCode:: 409, Message:: This brand title 'nike' already exists
2023-12-30 01:00:15 info: [0mPATCH /brand/2 [33m409[0m 19.216 ms - 52[0m
2023-12-30 01:00:16 info: 2ms Executed (default): SELECT `id`, `title`, `description`, `picture`, `created_at` AS `createdAt`, `updated_at` AS `updatedAt` FROM `brand` AS `BrandModel` WHERE `BrandModel`.`id` = 2;
2023-12-30 01:00:16 info: 1ms Executed (default): SELECT `id`, `title`, `description`, `picture`, `created_at` AS `createdAt`, `updated_at` AS `updatedAt` FROM `brand` AS `BrandModel` WHERE `BrandModel`.`title` = 'nike' LIMIT 1;
2023-12-30 01:00:16 error: [PATCH] /brand/2 >> StatusCode:: 409, Message:: This brand title 'nike' already exists
2023-12-30 01:00:16 info: [0mPATCH /brand/2 [33m409[0m 9.624 ms - 52[0m
2023-12-30 01:00:17 info: 2ms Executed (default): SELECT `id`, `title`, `description`, `picture`, `created_at` AS `createdAt`, `updated_at` AS `updatedAt` FROM `brand` AS `BrandModel` WHERE `BrandModel`.`id` = 2;
2023-12-30 01:00:17 info: 3ms Executed (default): SELECT `id`, `title`, `description`, `picture`, `created_at` AS `createdAt`, `updated_at` AS `updatedAt` FROM `brand` AS `BrandModel` WHERE `BrandModel`.`title` = 'nike' LIMIT 1;
2023-12-30 01:00:17 error: [PATCH] /brand/2 >> StatusCode:: 409, Message:: This brand title 'nike' already exists
2023-12-30 01:00:17 info: [0mPATCH /brand/2 [33m409[0m 20.281 ms - 52[0m
2023-12-30 01:00:18 info: 3ms Executed (default): SELECT `id`, `title`, `description`, `picture`, `created_at` AS `createdAt`, `updated_at` AS `updatedAt` FROM `brand` AS `BrandModel` WHERE `BrandModel`.`id` = 2;
2023-12-30 01:00:18 info: 3ms Executed (default): SELECT `id`, `title`, `description`, `picture`, `created_at` AS `createdAt`, `updated_at` AS `updatedAt` FROM `brand` AS `BrandModel` WHERE `BrandModel`.`title` = 'nike' LIMIT 1;
2023-12-30 01:00:18 error: [PATCH] /brand/2 >> StatusCode:: 409, Message:: This brand title 'nike' already exists
2023-12-30 01:00:18 info: [0mPATCH /brand/2 [33m409[0m 19.185 ms - 52[0m
2023-12-30 01:00:20 error: [PATCH] /brand/2 >> StatusCode:: 401, Message:: jwt expired
2023-12-30 01:00:20 info: [0mPATCH /brand/2 [33m401[0m 16.834 ms - 25[0m
2023-12-30 01:00:21 error: [PATCH] /brand/2 >> StatusCode:: 401, Message:: jwt expired
2023-12-30 01:00:21 info: [0mPATCH /brand/2 [33m401[0m 7.937 ms - 25[0m
2023-12-30 01:01:05 info: 2ms Executed (default): SELECT `id`, `title`, `description`, `picture`, `created_at` AS `createdAt`, `updated_at` AS `updatedAt` FROM `brand` AS `BrandModel` WHERE `BrandModel`.`id` = 2;
2023-12-30 01:01:05 info: 3ms Executed (default): SELECT `id`, `title`, `description`, `picture`, `created_at` AS `createdAt`, `updated_at` AS `updatedAt` FROM `brand` AS `BrandModel` WHERE `BrandModel`.`title` = 'nike' LIMIT 1;
2023-12-30 01:01:05 error: [PATCH] /brand/2 >> StatusCode:: 409, Message:: This brand title 'nike' already exists
2023-12-30 01:01:05 info: [0mPATCH /brand/2 [33m409[0m 27.304 ms - 52[0m
2023-12-30 01:01:11 info: 3ms Executed (default): SELECT `id`, `title`, `description`, `picture`, `created_at` AS `createdAt`, `updated_at` AS `updatedAt` FROM `brand` AS `BrandModel` WHERE `BrandModel`.`id` = 2;
2023-12-30 01:01:11 info: 2ms Executed (default): SELECT `id`, `title`, `description`, `picture`, `created_at` AS `createdAt`, `updated_at` AS `updatedAt` FROM `brand` AS `BrandModel` WHERE `BrandModel`.`title` = 'nike' LIMIT 1;
2023-12-30 01:01:11 error: [PATCH] /brand/2 >> StatusCode:: 409, Message:: This brand title 'nike' already exists
2023-12-30 01:01:11 info: [0mPATCH /brand/2 [33m409[0m 13.207 ms - 52[0m
2023-12-30 01:01:12 info: 6ms Executed (default): SELECT `id`, `title`, `description`, `picture`, `created_at` AS `createdAt`, `updated_at` AS `updatedAt` FROM `brand` AS `BrandModel` WHERE `BrandModel`.`id` = 2;
2023-12-30 01:01:12 info: 2ms Executed (default): SELECT `id`, `title`, `description`, `picture`, `created_at` AS `createdAt`, `updated_at` AS `updatedAt` FROM `brand` AS `BrandModel` WHERE `BrandModel`.`title` = 'nike' LIMIT 1;
2023-12-30 01:01:12 error: [PATCH] /brand/2 >> StatusCode:: 409, Message:: This brand title 'nike' already exists
2023-12-30 01:01:12 info: [0mPATCH /brand/2 [33m409[0m 19.794 ms - 52[0m
2023-12-30 01:01:34 info: 5ms Executed (default): SELECT `id`, `title`, `description`, `picture`, `created_at` AS `createdAt`, `updated_at` AS `updatedAt` FROM `brand` AS `BrandModel`;
2023-12-30 01:01:34 info: [0mGET /brand [32m200[0m 34.731 ms - 347[0m
2023-12-30 01:02:03 error: [POST] /brand >> StatusCode:: 401, Message:: jwt expired
2023-12-30 01:02:03 info: [0mPOST /brand [33m401[0m 12.836 ms - 25[0m
2023-12-30 01:02:16 error: [POST] /brand >> StatusCode:: 403, Message:: Unthorization error
2023-12-30 01:02:16 info: [0mPOST /brand [33m403[0m 7.740 ms - 33[0m
2023-12-30 01:02:26 info: ====================================
2023-12-30 01:02:26 info: ========= ENV: development =========
2023-12-30 01:02:26 info: 🚀 App listening on the port 3002
2023-12-30 01:02:26 info: ====================================
2023-12-30 01:02:26 info: 2ms Executed (default): SELECT 1+1 AS result
2023-12-30 01:02:26 info: 2ms Executed (default): SELECT TABLE_NAME FROM INFORMATION_SCHEMA.TABLES WHERE TABLE_TYPE = 'BASE TABLE' AND TABLE_NAME = 'brand' AND TABLE_SCHEMA = 'productdb'
2023-12-30 01:02:26 info: 3ms Executed (default): SHOW INDEX FROM `brand`
2023-12-30 01:02:30 info: 3ms Executed (default): SELECT `id`, `title`, `description`, `picture`, `created_at` AS `createdAt`, `updated_at` AS `updatedAt` FROM `brand` AS `BrandModel` WHERE `BrandModel`.`title` = 'gucci' LIMIT 1;
2023-12-30 01:02:30 info: 8ms Executed (default): INSERT INTO `brand` (`id`,`title`,`description`,`created_at`,`updated_at`) VALUES (DEFAULT,?,?,?,?); "gucci", "new brand for you guys", "2023-12-30 01:02:30.825", "2023-12-30 01:02:30.825"
2023-12-30 01:02:30 info: [0mPOST /brand [32m201[0m 54.373 ms - 141[0m
2023-12-30 01:02:35 info: 4ms Executed (default): SELECT `id`, `title`, `description`, `picture`, `created_at` AS `createdAt`, `updated_at` AS `updatedAt` FROM `brand` AS `BrandModel`;
2023-12-30 01:02:35 info: [0mGET /brand [32m200[0m 8.287 ms - 504[0m
2023-12-30 01:08:19 info: ====================================
2023-12-30 01:08:19 info: ========= ENV: development =========
2023-12-30 01:08:19 info: 🚀 App listening on the port 3002
2023-12-30 01:08:19 info: ====================================
2023-12-30 01:08:19 info: 2ms Executed (default): SELECT 1+1 AS result
2023-12-30 01:08:19 info: 3ms Executed (default): SELECT TABLE_NAME FROM INFORMATION_SCHEMA.TABLES WHERE TABLE_TYPE = 'BASE TABLE' AND TABLE_NAME = 'brand' AND TABLE_SCHEMA = 'productdb'
2023-12-30 01:08:19 info: 4ms Executed (default): SHOW INDEX FROM `brand`
2023-12-30 01:14:25 info: 4ms Executed (default): SELECT `id`, `title`, `description`, `picture`, `created_at` AS `createdAt`, `updated_at` AS `updatedAt` FROM `brand` AS `BrandModel`;
2023-12-30 01:14:25 info: [0mGET /brand [32m200[0m 35.077 ms - 504[0m
2023-12-30 01:14:37 info: 5ms Executed (default): SELECT `id`, `title`, `description`, `picture`, `created_at` AS `createdAt`, `updated_at` AS `updatedAt` FROM `brand` AS `BrandModel` WHERE `BrandModel`.`title` = 'gucci' LIMIT 1;
2023-12-30 01:14:37 info: [0mGET /brand/gucci [32m200[0m 21.062 ms - 156[0m
2023-12-30 01:14:42 error: [PATCH] /brand/2 >> StatusCode:: 401, Message:: jwt expired
2023-12-30 01:14:42 info: [0mPATCH /brand/2 [33m401[0m 31.346 ms - 25[0m
2023-12-30 01:15:22 error: [DELETE] /brand/3 >> StatusCode:: 401, Message:: Invalid credential
2023-12-30 01:15:22 info: [0mDELETE /brand/3 [33m401[0m 2.296 ms - 32[0m
2023-12-30 01:21:14 error: [DELETE] /brand/3 >> StatusCode:: 401, Message:: jwt expired
2023-12-30 01:21:14 info: [0mDELETE /brand/3 [33m401[0m 19.238 ms - 25[0m
2023-12-30 01:21:29 error: [DELETE] /brand/3 >> StatusCode:: 403, Message:: Unthorization error
2023-12-30 01:21:29 info: [0mDELETE /brand/3 [33m403[0m 9.629 ms - 33[0m
2023-12-30 01:25:07 info: ====================================
2023-12-30 01:25:07 info: ========= ENV: development =========
2023-12-30 01:25:07 info: 🚀 App listening on the port 3002
2023-12-30 01:25:07 info: ====================================
2023-12-30 01:25:07 info: 2ms Executed (default): SELECT 1+1 AS result
2023-12-30 01:25:07 info: 2ms Executed (default): SELECT TABLE_NAME FROM INFORMATION_SCHEMA.TABLES WHERE TABLE_TYPE = 'BASE TABLE' AND TABLE_NAME = 'brand' AND TABLE_SCHEMA = 'productdb'
2023-12-30 01:25:07 info: 2ms Executed (default): SHOW INDEX FROM `brand`
2023-12-30 01:25:17 info: 4ms Executed (default): SELECT `id`, `title`, `description`, `picture`, `created_at` AS `createdAt`, `updated_at` AS `updatedAt` FROM `brand` AS `BrandModel` WHERE `BrandModel`.`id` = 3;
2023-12-30 01:25:17 info: 5ms Executed (default): DELETE FROM `brand` WHERE `id` = 3
2023-12-30 01:25:17 info: [0mDELETE /brand/3 [32m204[0m 38.863 ms - -[0m
2023-12-30 01:25:22 info: 2ms Executed (default): SELECT `id`, `title`, `description`, `picture`, `created_at` AS `createdAt`, `updated_at` AS `updatedAt` FROM `brand` AS `BrandModel`;
2023-12-30 01:25:22 info: [0mGET /brand [32m200[0m 7.039 ms - 347[0m
